<?xml version="1.0" encoding="UTF-8"?>
<testng-results ignored="0" total="1" passed="1" failed="0" skipped="0">
  <reporter-output>
  </reporter-output>
  <suite started-at="2025-10-17T07:26:52 IST" name="Suite" finished-at="2025-10-17T07:26:52 IST" duration-ms="71">
    <groups>
      <group name="smoke">
        <method signature="DemoTest.loginTest()[pri:0, instance:Practise2.DemoTest@409bf450]" name="loginTest" class="Practise2.DemoTest"/>
      </group> <!-- smoke -->
    </groups>
    <test started-at="2025-10-17T07:26:52 IST" name="Test" finished-at="2025-10-17T07:26:52 IST" duration-ms="71">
      <class name="Practise2.DemoTest">
        <test-method signature="loginTest()[pri:0, instance:Practise2.DemoTest@409bf450]" started-at="2025-10-17T07:26:52 IST" name="loginTest" finished-at="2025-10-17T07:26:52 IST" duration-ms="7" status="PASS">
          <reporter-output>
          </reporter-output>
        </test-method> <!-- loginTest -->
      </class> <!-- Practise2.DemoTest -->
    </test> <!-- Test -->
  </suite> <!-- Suite -->
</testng-results>
